{"/home/rohith/Desktop/nodejs_tutorial/src/app1.ts": {"path":"/home/rohith/Desktop/nodejs_tutorial/src/app1.ts","statementMap":{"0":{"start":{"line":1,"column":0},"end":{"line":1,"column":30}},"1":{"start":{"line":4,"column":0},"end":{"line":4,"column":55}},"2":{"start":{"line":5,"column":0},"end":{"line":5,"column":62}},"3":{"start":{"line":6,"column":0},"end":{"line":6,"column":37}},"4":{"start":{"line":7,"column":0},"end":{"line":7,"column":45}},"5":{"start":{"line":10,"column":0},"end":{"line":10,"column":60}},"6":{"start":{"line":12,"column":15},"end":{"line":12,"column":24}},"7":{"start":{"line":13,"column":0},"end":{"line":13,"column":30}},"8":{"start":{"line":14,"column":0},"end":{"line":14,"column":29}},"9":{"start":{"line":16,"column":0},"end":{"line":16,"column":41}},"10":{"start":{"line":17,"column":0},"end":{"line":17,"column":28}},"11":{"start":{"line":18,"column":0},"end":{"line":28,"column":5}},"12":{"start":{"line":18,"column":12},"end":{"line":28,"column":2}},"13":{"start":{"line":19,"column":2},"end":{"line":24,"column":3}},"14":{"start":{"line":20,"column":4},"end":{"line":20,"column":34}},"15":{"start":{"line":22,"column":4},"end":{"line":22,"column":29}},"16":{"start":{"line":23,"column":4},"end":{"line":23,"column":20}},"17":{"start":{"line":25,"column":2},"end":{"line":27,"column":5}},"18":{"start":{"line":26,"column":4},"end":{"line":26,"column":44}}},"fnMap":{"0":{"name":"(anonymous_8)","decl":{"start":{"line":18,"column":1},"end":{"line":18,"column":10}},"loc":{"start":{"line":18,"column":12},"end":{"line":28,"column":2}}},"1":{"name":"(anonymous_9)","decl":{"start":{"line":18,"column":12},"end":{"line":18,"column":null}},"loc":{"start":{"line":18,"column":12},"end":{"line":28,"column":1}}},"2":{"name":"(anonymous_10)","decl":{"start":{"line":25,"column":22},"end":{"line":25,"column":25}},"loc":{"start":{"line":25,"column":27},"end":{"line":27,"column":3}}}},"branchMap":{},"s":{"0":0,"1":0,"2":0,"3":0,"4":0,"5":0,"6":0,"7":0,"8":0,"9":0,"10":0,"11":0,"12":0,"13":0,"14":0,"15":0,"16":0,"17":0,"18":0},"f":{"0":0,"1":0,"2":0},"b":{}}
,"/home/rohith/Desktop/nodejs_tutorial/src/controller/employee.controller.ts": {"path":"/home/rohith/Desktop/nodejs_tutorial/src/controller/employee.controller.ts","statementMap":{"0":{"start":{"line":1,"column":0},"end":{"line":1,"column":30}},"1":{"start":{"line":3,"column":0},"end":{"line":3,"column":58}},"2":{"start":{"line":5,"column":0},"end":{"line":5,"column":43}},"3":{"start":{"line":6,"column":0},"end":{"line":6,"column":52}},"4":{"start":{"line":7,"column":0},"end":{"line":7,"column":56}},"5":{"start":{"line":8,"column":0},"end":{"line":8,"column":52}},"6":{"start":{"line":13,"column":22},"end":{"line":13,"column":54}},"7":{"start":{"line":24,"column":9},"end":{"line":31,"column":4}},"8":{"start":{"line":27,"column":6},"end":{"line":31,"column":4}},"9":{"start":{"line":28,"column":4},"end":{"line":28,"column":24}},"10":{"start":{"line":29,"column":22},"end":{"line":29,"column":65}},"11":{"start":{"line":30,"column":4},"end":{"line":30,"column":36}},"12":{"start":{"line":33,"column":9},"end":{"line":51,"column":4}},"13":{"start":{"line":37,"column":6},"end":{"line":51,"column":4}},"14":{"start":{"line":38,"column":4},"end":{"line":50,"column":5}},"15":{"start":{"line":39,"column":24},"end":{"line":40,"column":null}},"16":{"start":{"line":43,"column":6},"end":{"line":46,"column":7}},"17":{"start":{"line":44,"column":22},"end":{"line":44,"column":57}},"18":{"start":{"line":45,"column":8},"end":{"line":45,"column":20}},"19":{"start":{"line":47,"column":6},"end":{"line":47,"column":38}},"20":{"start":{"line":49,"column":6},"end":{"line":49,"column":18}},"21":{"start":{"line":53,"column":9},"end":{"line":80,"column":4}},"22":{"start":{"line":57,"column":6},"end":{"line":80,"column":4}},"23":{"start":{"line":58,"column":58},"end":{"line":58,"column":66}},"24":{"start":{"line":59,"column":4},"end":{"line":79,"column":5}},"25":{"start":{"line":60,"column":26},"end":{"line":60,"column":70}},"26":{"start":{"line":61,"column":21},"end":{"line":61,"column":48}},"27":{"start":{"line":63,"column":6},"end":{"line":66,"column":7}},"28":{"start":{"line":64,"column":8},"end":{"line":64,"column":44}},"29":{"start":{"line":65,"column":8},"end":{"line":65,"column":61}},"30":{"start":{"line":67,"column":24},"end":{"line":73,"column":null}},"31":{"start":{"line":76,"column":6},"end":{"line":76,"column":38}},"32":{"start":{"line":78,"column":6},"end":{"line":78,"column":18}},"33":{"start":{"line":82,"column":9},"end":{"line":90,"column":4}},"34":{"start":{"line":85,"column":6},"end":{"line":90,"column":4}},"35":{"start":{"line":86,"column":22},"end":{"line":87,"column":null}},"36":{"start":{"line":89,"column":4},"end":{"line":89,"column":36}},"37":{"start":{"line":94,"column":9},"end":{"line":119,"column":4}},"38":{"start":{"line":98,"column":6},"end":{"line":119,"column":4}},"39":{"start":{"line":99,"column":42},"end":{"line":99,"column":50}},"40":{"start":{"line":100,"column":4},"end":{"line":118,"column":5}},"41":{"start":{"line":101,"column":26},"end":{"line":101,"column":70}},"42":{"start":{"line":102,"column":21},"end":{"line":102,"column":48}},"43":{"start":{"line":104,"column":6},"end":{"line":107,"column":7}},"44":{"start":{"line":105,"column":8},"end":{"line":105,"column":44}},"45":{"start":{"line":106,"column":8},"end":{"line":106,"column":61}},"46":{"start":{"line":108,"column":24},"end":{"line":112,"column":null}},"47":{"start":{"line":115,"column":6},"end":{"line":115,"column":38}},"48":{"start":{"line":117,"column":6},"end":{"line":117,"column":18}},"49":{"start":{"line":121,"column":9},"end":{"line":133,"column":4}},"50":{"start":{"line":125,"column":6},"end":{"line":133,"column":4}},"51":{"start":{"line":126,"column":32},"end":{"line":126,"column":40}},"52":{"start":{"line":127,"column":4},"end":{"line":132,"column":5}},"53":{"start":{"line":128,"column":20},"end":{"line":128,"column":77}},"54":{"start":{"line":129,"column":6},"end":{"line":129,"column":34}},"55":{"start":{"line":131,"column":6},"end":{"line":131,"column":18}},"56":{"start":{"line":14,"column":4},"end":{"line":14,"column":35}},"57":{"start":{"line":16,"column":4},"end":{"line":16,"column":46}},"58":{"start":{"line":17,"column":4},"end":{"line":17,"column":50}},"59":{"start":{"line":18,"column":4},"end":{"line":18,"column":47}},"60":{"start":{"line":19,"column":4},"end":{"line":19,"column":51}},"61":{"start":{"line":20,"column":4},"end":{"line":20,"column":62}},"62":{"start":{"line":21,"column":4},"end":{"line":21,"column":49}},"63":{"start":{"line":136,"column":0},"end":{"line":136,"column":34}}},"fnMap":{"0":{"name":"(anonymous_8)","decl":{"start":{"line":13,"column":2},"end":{"line":13,"column":22}},"loc":{"start":{"line":13,"column":54},"end":{"line":22,"column":3}}},"1":{"name":"(anonymous_9)","decl":{"start":{"line":24,"column":26},"end":{"line":24,"column":null}},"loc":{"start":{"line":27,"column":6},"end":{"line":31,"column":4}}},"2":{"name":"(anonymous_10)","decl":{"start":{"line":27,"column":6},"end":{"line":27,"column":null}},"loc":{"start":{"line":27,"column":6},"end":{"line":31,"column":3}}},"3":{"name":"(anonymous_11)","decl":{"start":{"line":33,"column":27},"end":{"line":33,"column":null}},"loc":{"start":{"line":37,"column":6},"end":{"line":51,"column":4}}},"4":{"name":"(anonymous_12)","decl":{"start":{"line":37,"column":6},"end":{"line":37,"column":null}},"loc":{"start":{"line":37,"column":6},"end":{"line":51,"column":3}}},"5":{"name":"(anonymous_13)","decl":{"start":{"line":53,"column":26},"end":{"line":53,"column":null}},"loc":{"start":{"line":57,"column":6},"end":{"line":80,"column":4}}},"6":{"name":"(anonymous_14)","decl":{"start":{"line":57,"column":6},"end":{"line":57,"column":null}},"loc":{"start":{"line":57,"column":6},"end":{"line":80,"column":3}}},"7":{"name":"(anonymous_15)","decl":{"start":{"line":82,"column":26},"end":{"line":82,"column":null}},"loc":{"start":{"line":85,"column":6},"end":{"line":90,"column":4}}},"8":{"name":"(anonymous_16)","decl":{"start":{"line":85,"column":6},"end":{"line":85,"column":null}},"loc":{"start":{"line":85,"column":6},"end":{"line":90,"column":3}}},"9":{"name":"(anonymous_17)","decl":{"start":{"line":94,"column":26},"end":{"line":94,"column":null}},"loc":{"start":{"line":98,"column":6},"end":{"line":119,"column":4}}},"10":{"name":"(anonymous_18)","decl":{"start":{"line":98,"column":6},"end":{"line":98,"column":null}},"loc":{"start":{"line":98,"column":6},"end":{"line":119,"column":3}}},"11":{"name":"(anonymous_19)","decl":{"start":{"line":121,"column":25},"end":{"line":121,"column":null}},"loc":{"start":{"line":125,"column":6},"end":{"line":133,"column":4}}},"12":{"name":"(anonymous_20)","decl":{"start":{"line":125,"column":6},"end":{"line":125,"column":null}},"loc":{"start":{"line":125,"column":6},"end":{"line":133,"column":3}}}},"branchMap":{"0":{"loc":{"start":{"line":43,"column":6},"end":{"line":46,"column":7}},"type":"if","locations":[{"start":{"line":43,"column":6},"end":{"line":46,"column":7}}]},"1":{"loc":{"start":{"line":63,"column":6},"end":{"line":66,"column":7}},"type":"if","locations":[{"start":{"line":63,"column":6},"end":{"line":66,"column":7}}]},"2":{"loc":{"start":{"line":104,"column":6},"end":{"line":107,"column":7}},"type":"if","locations":[{"start":{"line":104,"column":6},"end":{"line":107,"column":7}}]}},"s":{"0":0,"1":0,"2":0,"3":0,"4":0,"5":0,"6":0,"7":0,"8":0,"9":0,"10":0,"11":0,"12":0,"13":0,"14":0,"15":0,"16":0,"17":0,"18":0,"19":0,"20":0,"21":0,"22":0,"23":0,"24":0,"25":0,"26":0,"27":0,"28":0,"29":0,"30":0,"31":0,"32":0,"33":0,"34":0,"35":0,"36":0,"37":0,"38":0,"39":0,"40":0,"41":0,"42":0,"43":0,"44":0,"45":0,"46":0,"47":0,"48":0,"49":0,"50":0,"51":0,"52":0,"53":0,"54":0,"55":0,"56":0,"57":0,"58":0,"59":0,"60":0,"61":0,"62":0,"63":0},"f":{"0":0,"1":0,"2":0,"3":0,"4":0,"5":0,"6":0,"7":0,"8":0,"9":0,"10":0,"11":0,"12":0},"b":{"0":[0],"1":[0],"2":[0]}}
,"/home/rohith/Desktop/nodejs_tutorial/src/db/data-source.db.ts": {"path":"/home/rohith/Desktop/nodejs_tutorial/src/db/data-source.db.ts","statementMap":{"0":{"start":{"line":1,"column":0},"end":{"line":1,"column":26}},"1":{"start":{"line":2,"column":0},"end":{"line":2,"column":37}},"2":{"start":{"line":3,"column":0},"end":{"line":3,"column":64}},"3":{"start":{"line":7,"column":19},"end":{"line":20,"column":2}},"4":{"start":{"line":22,"column":0},"end":{"line":22,"column":26}}},"fnMap":{},"branchMap":{},"s":{"0":0,"1":0,"2":0,"3":0,"4":0},"f":{},"b":{}}
,"/home/rohith/Desktop/nodejs_tutorial/src/db/migrations/1720084028224-create-employee.ts": {"path":"/home/rohith/Desktop/nodejs_tutorial/src/db/migrations/1720084028224-create-employee.ts","statementMap":{"0":{"start":{"line":4,"column":4},"end":{"line":4,"column":null}},"1":{"start":{"line":7,"column":8},"end":{"line":7,"column":335}},"2":{"start":{"line":11,"column":8},"end":{"line":11,"column":57}},"3":{"start":{"line":3,"column":0},"end":{"line":3,"column":13}}},"fnMap":{"0":{"name":"(anonymous_7)","decl":{"start":{"line":3,"column":0},"end":{"line":3,"column":13}},"loc":{"start":{"line":3,"column":0},"end":{"line":14,"column":1}}},"1":{"name":"(anonymous_8)","decl":{"start":{"line":6,"column":17},"end":{"line":6,"column":19}},"loc":{"start":{"line":6,"column":44},"end":{"line":8,"column":null}}},"2":{"name":"(anonymous_10)","decl":{"start":{"line":10,"column":17},"end":{"line":10,"column":21}},"loc":{"start":{"line":10,"column":46},"end":{"line":12,"column":null}}}},"branchMap":{},"s":{"0":0,"1":0,"2":0,"3":0},"f":{"0":0,"1":0,"2":0},"b":{}}
,"/home/rohith/Desktop/nodejs_tutorial/src/db/migrations/1720084942747-add-age.ts": {"path":"/home/rohith/Desktop/nodejs_tutorial/src/db/migrations/1720084942747-add-age.ts","statementMap":{"0":{"start":{"line":4,"column":4},"end":{"line":4,"column":null}},"1":{"start":{"line":7,"column":8},"end":{"line":7,"column":85}},"2":{"start":{"line":11,"column":8},"end":{"line":11,"column":76}},"3":{"start":{"line":3,"column":0},"end":{"line":3,"column":13}}},"fnMap":{"0":{"name":"(anonymous_7)","decl":{"start":{"line":3,"column":0},"end":{"line":3,"column":13}},"loc":{"start":{"line":3,"column":0},"end":{"line":14,"column":1}}},"1":{"name":"(anonymous_8)","decl":{"start":{"line":6,"column":17},"end":{"line":6,"column":19}},"loc":{"start":{"line":6,"column":44},"end":{"line":8,"column":null}}},"2":{"name":"(anonymous_10)","decl":{"start":{"line":10,"column":17},"end":{"line":10,"column":21}},"loc":{"start":{"line":10,"column":46},"end":{"line":12,"column":null}}}},"branchMap":{},"s":{"0":0,"1":0,"2":0,"3":0},"f":{"0":0,"1":0,"2":0},"b":{}}
,"/home/rohith/Desktop/nodejs_tutorial/src/db/migrations/1720090256559-create_address.ts": {"path":"/home/rohith/Desktop/nodejs_tutorial/src/db/migrations/1720090256559-create_address.ts","statementMap":{"0":{"start":{"line":4,"column":4},"end":{"line":4,"column":null}},"1":{"start":{"line":7,"column":8},"end":{"line":7,"column":428}},"2":{"start":{"line":8,"column":8},"end":{"line":8,"column":201}},"3":{"start":{"line":12,"column":8},"end":{"line":12,"column":106}},"4":{"start":{"line":13,"column":8},"end":{"line":13,"column":56}},"5":{"start":{"line":3,"column":0},"end":{"line":3,"column":13}}},"fnMap":{"0":{"name":"(anonymous_7)","decl":{"start":{"line":3,"column":0},"end":{"line":3,"column":13}},"loc":{"start":{"line":3,"column":0},"end":{"line":16,"column":1}}},"1":{"name":"(anonymous_8)","decl":{"start":{"line":6,"column":17},"end":{"line":6,"column":19}},"loc":{"start":{"line":6,"column":44},"end":{"line":9,"column":null}}},"2":{"name":"(anonymous_10)","decl":{"start":{"line":11,"column":17},"end":{"line":11,"column":21}},"loc":{"start":{"line":11,"column":46},"end":{"line":14,"column":null}}}},"branchMap":{},"s":{"0":0,"1":0,"2":0,"3":0,"4":0,"5":0},"f":{"0":0,"1":0,"2":0},"b":{}}
,"/home/rohith/Desktop/nodejs_tutorial/src/db/migrations/1720156289603-Added-role-password.ts": {"path":"/home/rohith/Desktop/nodejs_tutorial/src/db/migrations/1720156289603-Added-role-password.ts","statementMap":{"0":{"start":{"line":4,"column":4},"end":{"line":4,"column":null}},"1":{"start":{"line":7,"column":8},"end":{"line":7,"column":91}},"2":{"start":{"line":8,"column":8},"end":{"line":8,"column":87}},"3":{"start":{"line":12,"column":8},"end":{"line":12,"column":77}},"4":{"start":{"line":13,"column":8},"end":{"line":13,"column":81}},"5":{"start":{"line":3,"column":0},"end":{"line":3,"column":13}}},"fnMap":{"0":{"name":"(anonymous_7)","decl":{"start":{"line":3,"column":0},"end":{"line":3,"column":13}},"loc":{"start":{"line":3,"column":0},"end":{"line":16,"column":1}}},"1":{"name":"(anonymous_8)","decl":{"start":{"line":6,"column":17},"end":{"line":6,"column":19}},"loc":{"start":{"line":6,"column":44},"end":{"line":9,"column":null}}},"2":{"name":"(anonymous_10)","decl":{"start":{"line":11,"column":17},"end":{"line":11,"column":21}},"loc":{"start":{"line":11,"column":46},"end":{"line":14,"column":null}}}},"branchMap":{},"s":{"0":0,"1":0,"2":0,"3":0,"4":0,"5":0},"f":{"0":0,"1":0,"2":0},"b":{}}
,"/home/rohith/Desktop/nodejs_tutorial/src/dto/address.dto.ts": {"path":"/home/rohith/Desktop/nodejs_tutorial/src/dto/address.dto.ts","statementMap":{"0":{"start":{"line":1,"column":0},"end":{"line":1,"column":65}},"1":{"start":{"line":2,"column":0},"end":{"line":2,"column":13}},"2":{"start":{"line":5,"column":2},"end":{"line":5,"column":null}},"3":{"start":{"line":8,"column":2},"end":{"line":8,"column":null}}},"fnMap":{},"branchMap":{},"s":{"0":0,"1":0,"2":0,"3":0},"f":{},"b":{}}
,"/home/rohith/Desktop/nodejs_tutorial/src/dto/employee.dto.ts": {"path":"/home/rohith/Desktop/nodejs_tutorial/src/dto/employee.dto.ts","statementMap":{"0":{"start":{"line":1,"column":0},"end":{"line":1,"column":null}},"1":{"start":{"line":9,"column":0},"end":{"line":9,"column":40}},"2":{"start":{"line":10,"column":0},"end":{"line":10,"column":41}},"3":{"start":{"line":11,"column":0},"end":{"line":11,"column":26}},"4":{"start":{"line":12,"column":0},"end":{"line":12,"column":37}},"5":{"start":{"line":14,"column":0},"end":{"line":14,"column":13}},"6":{"start":{"line":17,"column":2},"end":{"line":17,"column":null}},"7":{"start":{"line":22,"column":2},"end":{"line":22,"column":null}},"8":{"start":{"line":26,"column":2},"end":{"line":26,"column":null}},"9":{"start":{"line":30,"column":2},"end":{"line":30,"column":null}},"10":{"start":{"line":34,"column":2},"end":{"line":34,"column":null}},"11":{"start":{"line":39,"column":2},"end":{"line":39,"column":null}},"12":{"start":{"line":38,"column":14},"end":{"line":38,"column":21}}},"fnMap":{"0":{"name":"(anonymous_2)","decl":{"start":{"line":38,"column":8},"end":{"line":38,"column":11}},"loc":{"start":{"line":38,"column":14},"end":{"line":38,"column":21}}}},"branchMap":{},"s":{"0":0,"1":0,"2":0,"3":0,"4":0,"5":0,"6":0,"7":0,"8":0,"9":0,"10":0,"11":0,"12":0},"f":{"0":0},"b":{}}
,"/home/rohith/Desktop/nodejs_tutorial/src/entity/abstract-entity.ts": {"path":"/home/rohith/Desktop/nodejs_tutorial/src/entity/abstract-entity.ts","statementMap":{"0":{"start":{"line":1,"column":0},"end":{"line":1,"column":null}},"1":{"start":{"line":10,"column":2},"end":{"line":10,"column":null}},"2":{"start":{"line":13,"column":2},"end":{"line":13,"column":null}},"3":{"start":{"line":16,"column":2},"end":{"line":16,"column":null}},"4":{"start":{"line":19,"column":2},"end":{"line":19,"column":null}},"5":{"start":{"line":22,"column":0},"end":{"line":22,"column":30}}},"fnMap":{},"branchMap":{},"s":{"0":0,"1":0,"2":0,"3":0,"4":0,"5":0},"f":{},"b":{}}
,"/home/rohith/Desktop/nodejs_tutorial/src/entity/address.entity.ts": {"path":"/home/rohith/Desktop/nodejs_tutorial/src/entity/address.entity.ts","statementMap":{"0":{"start":{"line":1,"column":0},"end":{"line":1,"column":null}},"1":{"start":{"line":11,"column":0},"end":{"line":11,"column":47}},"2":{"start":{"line":12,"column":0},"end":{"line":12,"column":41}},"3":{"start":{"line":15,"column":0},"end":{"line":25,"column":null}},"4":{"start":{"line":17,"column":2},"end":{"line":17,"column":null}},"5":{"start":{"line":20,"column":2},"end":{"line":20,"column":null}},"6":{"start":{"line":24,"column":2},"end":{"line":24,"column":null}},"7":{"start":{"line":22,"column":18},"end":{"line":22,"column":26}},"8":{"start":{"line":22,"column":42},"end":{"line":22,"column":58}},"9":{"start":{"line":15,"column":6},"end":{"line":25,"column":null}},"10":{"start":{"line":27,"column":0},"end":{"line":27,"column":23}}},"fnMap":{"0":{"name":"(anonymous_3)","decl":{"start":{"line":22,"column":12},"end":{"line":22,"column":15}},"loc":{"start":{"line":22,"column":18},"end":{"line":22,"column":26}}},"1":{"name":"(anonymous_4)","decl":{"start":{"line":22,"column":28},"end":{"line":22,"column":29}},"loc":{"start":{"line":22,"column":42},"end":{"line":22,"column":58}}}},"branchMap":{},"s":{"0":0,"1":0,"2":0,"3":0,"4":0,"5":0,"6":0,"7":0,"8":0,"9":0,"10":0},"f":{"0":0,"1":0},"b":{}}
,"/home/rohith/Desktop/nodejs_tutorial/src/entity/employee.entity.ts": {"path":"/home/rohith/Desktop/nodejs_tutorial/src/entity/employee.entity.ts","statementMap":{"0":{"start":{"line":1,"column":0},"end":{"line":1,"column":null}},"1":{"start":{"line":10,"column":0},"end":{"line":10,"column":47}},"2":{"start":{"line":11,"column":0},"end":{"line":11,"column":39}},"3":{"start":{"line":12,"column":0},"end":{"line":12,"column":37}},"4":{"start":{"line":15,"column":0},"end":{"line":35,"column":null}},"5":{"start":{"line":17,"column":2},"end":{"line":17,"column":null}},"6":{"start":{"line":19,"column":2},"end":{"line":19,"column":null}},"7":{"start":{"line":22,"column":2},"end":{"line":22,"column":null}},"8":{"start":{"line":25,"column":2},"end":{"line":25,"column":null}},"9":{"start":{"line":28,"column":2},"end":{"line":28,"column":null}},"10":{"start":{"line":34,"column":2},"end":{"line":34,"column":null}},"11":{"start":{"line":30,"column":18},"end":{"line":30,"column":25}},"12":{"start":{"line":30,"column":40},"end":{"line":30,"column":56}},"13":{"start":{"line":15,"column":6},"end":{"line":35,"column":null}},"14":{"start":{"line":37,"column":0},"end":{"line":37,"column":24}}},"fnMap":{"0":{"name":"(anonymous_3)","decl":{"start":{"line":30,"column":12},"end":{"line":30,"column":15}},"loc":{"start":{"line":30,"column":18},"end":{"line":30,"column":25}}},"1":{"name":"(anonymous_4)","decl":{"start":{"line":30,"column":27},"end":{"line":30,"column":28}},"loc":{"start":{"line":30,"column":40},"end":{"line":30,"column":56}}}},"branchMap":{},"s":{"0":0,"1":0,"2":0,"3":0,"4":0,"5":0,"6":0,"7":0,"8":0,"9":0,"10":0,"11":0,"12":0,"13":0,"14":0},"f":{"0":0,"1":0},"b":{}}
,"/home/rohith/Desktop/nodejs_tutorial/src/exceptions/http.exceptions.ts": {"path":"/home/rohith/Desktop/nodejs_tutorial/src/exceptions/http.exceptions.ts","statementMap":{"0":{"start":{"line":5,"column":8},"end":{"line":5,"column":23}},"1":{"start":{"line":6,"column":8},"end":{"line":6,"column":27}},"2":{"start":{"line":11,"column":0},"end":{"line":11,"column":29}}},"fnMap":{"0":{"name":"(anonymous_0)","decl":{"start":{"line":3,"column":4},"end":{"line":3,"column":16}},"loc":{"start":{"line":3,"column":44},"end":{"line":7,"column":5}}}},"branchMap":{},"s":{"0":0,"1":0,"2":0},"f":{"0":0},"b":{}}
,"/home/rohith/Desktop/nodejs_tutorial/src/middleware/authorization.ts": {"path":"/home/rohith/Desktop/nodejs_tutorial/src/middleware/authorization.ts","statementMap":{"0":{"start":{"line":2,"column":0},"end":{"line":2,"column":40}},"1":{"start":{"line":3,"column":0},"end":{"line":3,"column":48}},"2":{"start":{"line":7,"column":18},"end":{"line":25,"column":2}},"3":{"start":{"line":11,"column":4},"end":{"line":25,"column":2}},"4":{"start":{"line":12,"column":2},"end":{"line":24,"column":3}},"5":{"start":{"line":13,"column":18},"end":{"line":13,"column":48}},"6":{"start":{"line":14,"column":4},"end":{"line":14,"column":34}},"7":{"start":{"line":15,"column":20},"end":{"line":15,"column":58}},"8":{"start":{"line":17,"column":4},"end":{"line":17,"column":44}},"9":{"start":{"line":18,"column":4},"end":{"line":18,"column":46}},"10":{"start":{"line":19,"column":4},"end":{"line":19,"column":44}},"11":{"start":{"line":21,"column":4},"end":{"line":21,"column":18}},"12":{"start":{"line":23,"column":4},"end":{"line":23,"column":23}},"13":{"start":{"line":27,"column":34},"end":{"line":32,"column":1}},"14":{"start":{"line":28,"column":22},"end":{"line":28,"column":49}},"15":{"start":{"line":29,"column":2},"end":{"line":29,"column":44}},"16":{"start":{"line":30,"column":16},"end":{"line":30,"column":69}},"17":{"start":{"line":31,"column":2},"end":{"line":31,"column":15}},"18":{"start":{"line":34,"column":0},"end":{"line":34,"column":25}}},"fnMap":{"0":{"name":"(anonymous_8)","decl":{"start":{"line":7,"column":18},"end":{"line":7,"column":null}},"loc":{"start":{"line":11,"column":4},"end":{"line":25,"column":2}}},"1":{"name":"(anonymous_9)","decl":{"start":{"line":11,"column":4},"end":{"line":11,"column":null}},"loc":{"start":{"line":11,"column":4},"end":{"line":25,"column":1}}},"2":{"name":"(anonymous_10)","decl":{"start":{"line":27,"column":34},"end":{"line":27,"column":35}},"loc":{"start":{"line":27,"column":59},"end":{"line":32,"column":1}}}},"branchMap":{"0":{"loc":{"start":{"line":30,"column":16},"end":{"line":30,"column":69}},"type":"cond-expr","locations":[{"start":{"line":30,"column":30},"end":{"line":30,"column":64}},{"start":{"line":30,"column":67},"end":{"line":30,"column":69}}]}},"s":{"0":0,"1":0,"2":0,"3":0,"4":0,"5":0,"6":0,"7":0,"8":0,"9":0,"10":0,"11":0,"12":0,"13":0,"14":0,"15":0,"16":0,"17":0,"18":0},"f":{"0":0,"1":0,"2":0},"b":{"0":[0,0]}}
,"/home/rohith/Desktop/nodejs_tutorial/src/middleware/error.middleware.ts": {"path":"/home/rohith/Desktop/nodejs_tutorial/src/middleware/error.middleware.ts","statementMap":{"0":{"start":{"line":2,"column":0},"end":{"line":2,"column":58}},"1":{"start":{"line":3,"column":24},"end":{"line":22,"column":1}},"2":{"start":{"line":9,"column":2},"end":{"line":21,"column":3}},"3":{"start":{"line":10,"column":4},"end":{"line":18,"column":5}},"4":{"start":{"line":11,"column":29},"end":{"line":11,"column":48}},"5":{"start":{"line":12,"column":30},"end":{"line":12,"column":69}},"6":{"start":{"line":13,"column":21},"end":{"line":13,"column":41}},"7":{"start":{"line":14,"column":6},"end":{"line":14,"column":40}},"8":{"start":{"line":16,"column":6},"end":{"line":16,"column":33}},"9":{"start":{"line":17,"column":6},"end":{"line":17,"column":53}},"10":{"start":{"line":20,"column":4},"end":{"line":20,"column":16}},"11":{"start":{"line":26,"column":0},"end":{"line":26,"column":31}}},"fnMap":{"0":{"name":"(anonymous_1)","decl":{"start":{"line":3,"column":24},"end":{"line":3,"column":null}},"loc":{"start":{"line":8,"column":4},"end":{"line":22,"column":1}}}},"branchMap":{"0":{"loc":{"start":{"line":10,"column":4},"end":{"line":18,"column":5}},"type":"if","locations":[{"start":{"line":10,"column":4},"end":{"line":18,"column":5}},{"start":{"line":15,"column":11},"end":{"line":18,"column":5}}]},"1":{"loc":{"start":{"line":11,"column":29},"end":{"line":11,"column":48}},"type":"binary-expr","locations":[{"start":{"line":11,"column":29},"end":{"line":11,"column":41}},{"start":{"line":11,"column":45},"end":{"line":11,"column":48}}]},"2":{"loc":{"start":{"line":12,"column":30},"end":{"line":12,"column":69}},"type":"binary-expr","locations":[{"start":{"line":12,"column":30},"end":{"line":12,"column":43}},{"start":{"line":12,"column":47},"end":{"line":12,"column":69}}]}},"s":{"0":0,"1":0,"2":0,"3":0,"4":0,"5":0,"6":0,"7":0,"8":0,"9":0,"10":0,"11":0},"f":{"0":0},"b":{"0":[0,0],"1":[0,0],"2":[0,0]}}
,"/home/rohith/Desktop/nodejs_tutorial/src/middleware/logger.mIddleware.ts": {"path":"/home/rohith/Desktop/nodejs_tutorial/src/middleware/logger.mIddleware.ts","statementMap":{"0":{"start":{"line":1,"column":25},"end":{"line":4,"column":1}},"1":{"start":{"line":2,"column":2},"end":{"line":2,"column":72}},"2":{"start":{"line":3,"column":2},"end":{"line":3,"column":9}},"3":{"start":{"line":6,"column":0},"end":{"line":6,"column":32}}},"fnMap":{"0":{"name":"(anonymous_0)","decl":{"start":{"line":1,"column":25},"end":{"line":1,"column":26}},"loc":{"start":{"line":1,"column":44},"end":{"line":4,"column":1}}}},"branchMap":{},"s":{"0":0,"1":0,"2":0,"3":0},"f":{"0":0},"b":{}}
,"/home/rohith/Desktop/nodejs_tutorial/src/repository/employee.repository.ts": {"path":"/home/rohith/Desktop/nodejs_tutorial/src/repository/employee.repository.ts","statementMap":{"0":{"start":{"line":3,"column":0},"end":{"line":3,"column":49}},"1":{"start":{"line":6,"column":22},"end":{"line":6,"column":44}},"2":{"start":{"line":9,"column":31},"end":{"line":9,"column":70}},"3":{"start":{"line":10,"column":4},"end":{"line":10,"column":63}},"4":{"start":{"line":14,"column":31},"end":{"line":14,"column":70}},"5":{"start":{"line":15,"column":4},"end":{"line":18,"column":7}},"6":{"start":{"line":22,"column":31},"end":{"line":22,"column":70}},"7":{"start":{"line":23,"column":4},"end":{"line":23,"column":45}},"8":{"start":{"line":27,"column":31},"end":{"line":27,"column":70}},"9":{"start":{"line":28,"column":4},"end":{"line":28,"column":49}},"10":{"start":{"line":32,"column":31},"end":{"line":32,"column":70}},"11":{"start":{"line":33,"column":4},"end":{"line":33,"column":51}},"12":{"start":{"line":37,"column":31},"end":{"line":37,"column":70}},"13":{"start":{"line":38,"column":4},"end":{"line":38,"column":45}},"14":{"start":{"line":42,"column":0},"end":{"line":42,"column":34}}},"fnMap":{"0":{"name":"(anonymous_8)","decl":{"start":{"line":6,"column":2},"end":{"line":6,"column":22}},"loc":{"start":{"line":6,"column":44},"end":{"line":6,"column":48}}},"1":{"name":"(anonymous_9)","decl":{"start":{"line":8,"column":8},"end":{"line":8,"column":12}},"loc":{"start":{"line":8,"column":12},"end":{"line":11,"column":null}}},"2":{"name":"(anonymous_11)","decl":{"start":{"line":13,"column":8},"end":{"line":13,"column":17}},"loc":{"start":{"line":13,"column":43},"end":{"line":19,"column":null}}},"3":{"name":"(anonymous_13)","decl":{"start":{"line":21,"column":8},"end":{"line":21,"column":14}},"loc":{"start":{"line":21,"column":33},"end":{"line":24,"column":null}}},"4":{"name":"(anonymous_15)","decl":{"start":{"line":26,"column":8},"end":{"line":26,"column":14}},"loc":{"start":{"line":26,"column":40},"end":{"line":29,"column":null}}},"5":{"name":"(anonymous_17)","decl":{"start":{"line":31,"column":8},"end":{"line":31,"column":18}},"loc":{"start":{"line":31,"column":37},"end":{"line":34,"column":null}}},"6":{"name":"(anonymous_19)","decl":{"start":{"line":36,"column":8},"end":{"line":36,"column":14}},"loc":{"start":{"line":36,"column":33},"end":{"line":39,"column":null}}}},"branchMap":{},"s":{"0":0,"1":0,"2":0,"3":0,"4":0,"5":0,"6":0,"7":0,"8":0,"9":0,"10":0,"11":0,"12":0,"13":0,"14":0},"f":{"0":0,"1":0,"2":0,"3":0,"4":0,"5":0,"6":0},"b":{}}
,"/home/rohith/Desktop/nodejs_tutorial/src/routes/employee.routes.ts": {"path":"/home/rohith/Desktop/nodejs_tutorial/src/routes/employee.routes.ts","statementMap":{"0":{"start":{"line":2,"column":0},"end":{"line":2,"column":67}},"1":{"start":{"line":3,"column":0},"end":{"line":3,"column":67}},"2":{"start":{"line":4,"column":0},"end":{"line":4,"column":58}},"3":{"start":{"line":5,"column":0},"end":{"line":5,"column":46}},"4":{"start":{"line":7,"column":27},"end":{"line":8,"column":null}},"5":{"start":{"line":11,"column":23},"end":{"line":11,"column":48}},"6":{"start":{"line":13,"column":0},"end":{"line":13,"column":30}}},"fnMap":{},"branchMap":{},"s":{"0":0,"1":0,"2":0,"3":0,"4":0,"5":0,"6":0},"f":{},"b":{}}
,"/home/rohith/Desktop/nodejs_tutorial/src/service/employee.service.ts": {"path":"/home/rohith/Desktop/nodejs_tutorial/src/service/employee.service.ts","statementMap":{"0":{"start":{"line":1,"column":0},"end":{"line":1,"column":47}},"1":{"start":{"line":2,"column":0},"end":{"line":2,"column":49}},"2":{"start":{"line":3,"column":0},"end":{"line":3,"column":58}},"3":{"start":{"line":6,"column":0},"end":{"line":6,"column":28}},"4":{"start":{"line":7,"column":0},"end":{"line":7,"column":40}},"5":{"start":{"line":8,"column":0},"end":{"line":8,"column":62}},"6":{"start":{"line":12,"column":22},"end":{"line":12,"column":60}},"7":{"start":{"line":15,"column":4},"end":{"line":15,"column":42}},"8":{"start":{"line":19,"column":4},"end":{"line":19,"column":53}},"9":{"start":{"line":30,"column":24},"end":{"line":30,"column":38}},"10":{"start":{"line":31,"column":4},"end":{"line":31,"column":28}},"11":{"start":{"line":32,"column":4},"end":{"line":32,"column":30}},"12":{"start":{"line":33,"column":4},"end":{"line":33,"column":26}},"13":{"start":{"line":34,"column":4},"end":{"line":34,"column":28}},"14":{"start":{"line":35,"column":4},"end":{"line":35,"column":75}},"15":{"start":{"line":37,"column":22},"end":{"line":37,"column":35}},"16":{"start":{"line":38,"column":4},"end":{"line":38,"column":36}},"17":{"start":{"line":39,"column":4},"end":{"line":39,"column":40}},"18":{"start":{"line":40,"column":4},"end":{"line":40,"column":36}},"19":{"start":{"line":41,"column":4},"end":{"line":41,"column":55}},"20":{"start":{"line":45,"column":4},"end":{"line":45,"column":50}},"21":{"start":{"line":51,"column":21},"end":{"line":51,"column":51}},"22":{"start":{"line":52,"column":4},"end":{"line":54,"column":5}},"23":{"start":{"line":53,"column":6},"end":{"line":53,"column":58}},"24":{"start":{"line":55,"column":4},"end":{"line":55,"column":42}},"25":{"start":{"line":61,"column":24},"end":{"line":61,"column":38}},"26":{"start":{"line":62,"column":4},"end":{"line":64,"column":5}},"27":{"start":{"line":63,"column":6},"end":{"line":63,"column":30}},"28":{"start":{"line":66,"column":4},"end":{"line":68,"column":5}},"29":{"start":{"line":67,"column":6},"end":{"line":67,"column":32}},"30":{"start":{"line":70,"column":4},"end":{"line":72,"column":5}},"31":{"start":{"line":71,"column":6},"end":{"line":71,"column":28}},"32":{"start":{"line":74,"column":22},"end":{"line":74,"column":35}},"33":{"start":{"line":75,"column":4},"end":{"line":75,"column":36}},"34":{"start":{"line":76,"column":4},"end":{"line":76,"column":40}},"35":{"start":{"line":77,"column":4},"end":{"line":77,"column":36}},"36":{"start":{"line":78,"column":4},"end":{"line":78,"column":55}},"37":{"start":{"line":82,"column":21},"end":{"line":82,"column":71}},"38":{"start":{"line":84,"column":4},"end":{"line":86,"column":5}},"39":{"start":{"line":85,"column":6},"end":{"line":85,"column":69}},"40":{"start":{"line":88,"column":19},"end":{"line":88,"column":68}},"41":{"start":{"line":90,"column":4},"end":{"line":92,"column":5}},"42":{"start":{"line":91,"column":6},"end":{"line":91,"column":57}},"43":{"start":{"line":94,"column":32},"end":{"line":98,"column":6}},"44":{"start":{"line":100,"column":18},"end":{"line":102,"column":6}},"45":{"start":{"line":104,"column":4},"end":{"line":104,"column":21}},"46":{"start":{"line":110,"column":0},"end":{"line":110,"column":31}}},"fnMap":{"0":{"name":"(anonymous_8)","decl":{"start":{"line":12,"column":2},"end":{"line":12,"column":22}},"loc":{"start":{"line":12,"column":60},"end":{"line":12,"column":64}}},"1":{"name":"(anonymous_9)","decl":{"start":{"line":14,"column":8},"end":{"line":14,"column":22}},"loc":{"start":{"line":14,"column":22},"end":{"line":16,"column":null}}},"2":{"name":"(anonymous_11)","decl":{"start":{"line":18,"column":8},"end":{"line":18,"column":23}},"loc":{"start":{"line":18,"column":34},"end":{"line":20,"column":null}}},"3":{"name":"(anonymous_13)","decl":{"start":{"line":22,"column":8},"end":{"line":22,"column":22}},"loc":{"start":{"line":28,"column":20},"end":{"line":42,"column":null}}},"4":{"name":"(anonymous_15)","decl":{"start":{"line":44,"column":8},"end":{"line":44,"column":18}},"loc":{"start":{"line":44,"column":29},"end":{"line":46,"column":null}}},"5":{"name":"(anonymous_17)","decl":{"start":{"line":50,"column":8},"end":{"line":50,"column":22}},"loc":{"start":{"line":50,"column":33},"end":{"line":56,"column":null}}},"6":{"name":"(anonymous_19)","decl":{"start":{"line":60,"column":8},"end":{"line":60,"column":22}},"loc":{"start":{"line":60,"column":77},"end":{"line":79,"column":null}}},"7":{"name":"(anonymous_21)","decl":{"start":{"line":81,"column":8},"end":{"line":81,"column":21}},"loc":{"start":{"line":81,"column":53},"end":{"line":105,"column":null}}}},"branchMap":{"0":{"loc":{"start":{"line":35,"column":27},"end":{"line":35,"column":74}},"type":"cond-expr","locations":[{"start":{"line":35,"column":38},"end":{"line":35,"column":69}},{"start":{"line":35,"column":72},"end":{"line":35,"column":74}}]},"1":{"loc":{"start":{"line":52,"column":4},"end":{"line":54,"column":5}},"type":"if","locations":[{"start":{"line":52,"column":4},"end":{"line":54,"column":5}}]},"2":{"loc":{"start":{"line":62,"column":4},"end":{"line":64,"column":5}},"type":"if","locations":[{"start":{"line":62,"column":4},"end":{"line":64,"column":5}}]},"3":{"loc":{"start":{"line":66,"column":4},"end":{"line":68,"column":5}},"type":"if","locations":[{"start":{"line":66,"column":4},"end":{"line":68,"column":5}}]},"4":{"loc":{"start":{"line":70,"column":4},"end":{"line":72,"column":5}},"type":"if","locations":[{"start":{"line":70,"column":4},"end":{"line":72,"column":5}}]},"5":{"loc":{"start":{"line":84,"column":4},"end":{"line":86,"column":5}},"type":"if","locations":[{"start":{"line":84,"column":4},"end":{"line":86,"column":5}}]},"6":{"loc":{"start":{"line":90,"column":4},"end":{"line":92,"column":5}},"type":"if","locations":[{"start":{"line":90,"column":4},"end":{"line":92,"column":5}}]}},"s":{"0":0,"1":0,"2":0,"3":0,"4":0,"5":0,"6":0,"7":0,"8":0,"9":0,"10":0,"11":0,"12":0,"13":0,"14":0,"15":0,"16":0,"17":0,"18":0,"19":0,"20":0,"21":0,"22":0,"23":0,"24":0,"25":0,"26":0,"27":0,"28":0,"29":0,"30":0,"31":0,"32":0,"33":0,"34":0,"35":0,"36":0,"37":0,"38":0,"39":0,"40":0,"41":0,"42":0,"43":0,"44":0,"45":0,"46":0},"f":{"0":0,"1":0,"2":0,"3":0,"4":0,"5":0,"6":0,"7":0},"b":{"0":[0,0],"1":[0],"2":[0],"3":[0],"4":[0],"5":[0],"6":[0]}}
,"/home/rohith/Desktop/nodejs_tutorial/src/utils/constants.ts": {"path":"/home/rohith/Desktop/nodejs_tutorial/src/utils/constants.ts","statementMap":{"0":{"start":{"line":1,"column":13},"end":{"line":1,"column":53}},"1":{"start":{"line":2,"column":13},"end":{"line":2,"column":33}}},"fnMap":{},"branchMap":{},"s":{"0":0,"1":0},"f":{},"b":{}}
,"/home/rohith/Desktop/nodejs_tutorial/src/utils/enum.ts": {"path":"/home/rohith/Desktop/nodejs_tutorial/src/utils/enum.ts","statementMap":{"0":{"start":{"line":1,"column":0},"end":{"line":1,"column":null}},"1":{"start":{"line":2,"column":2},"end":{"line":2,"column":null}},"2":{"start":{"line":3,"column":2},"end":{"line":3,"column":null}},"3":{"start":{"line":4,"column":2},"end":{"line":4,"column":null}},"4":{"start":{"line":5,"column":2},"end":{"line":5,"column":null}}},"fnMap":{"0":{"name":"(anonymous_0)","decl":{"start":{"line":1,"column":0},"end":{"line":1,"column":12}},"loc":{"start":{"line":1,"column":16},"end":{"line":6,"column":1}}}},"branchMap":{"0":{"loc":{"start":{"line":1,"column":12},"end":{"line":1,"column":null}},"type":"binary-expr","locations":[{"start":{"line":1,"column":12},"end":{"line":1,"column":16}},{"start":{"line":1,"column":16},"end":{"line":1,"column":null}}]}},"s":{"0":0,"1":0,"2":0,"3":0,"4":0},"f":{"0":0},"b":{"0":[0,0]}}
,"/home/rohith/Desktop/nodejs_tutorial/src/utils/fizzBuzz.util.ts": {"path":"/home/rohith/Desktop/nodejs_tutorial/src/utils/fizzBuzz.util.ts","statementMap":{"0":{"start":{"line":3,"column":4},"end":{"line":5,"column":5}},"1":{"start":{"line":4,"column":6},"end":{"line":4,"column":20}},"2":{"start":{"line":6,"column":4},"end":{"line":6,"column":15}},"3":{"start":{"line":10,"column":13},"end":{"line":10,"column":27}},"4":{"start":{"line":11,"column":0},"end":{"line":13,"column":1}},"5":{"start":{"line":11,"column":21},"end":{"line":11,"column":22}},"6":{"start":{"line":12,"column":2},"end":{"line":12,"column":32}},"7":{"start":{"line":15,"column":0},"end":{"line":15,"column":24}}},"fnMap":{"0":{"name":"(anonymous_0)","decl":{"start":{"line":2,"column":9},"end":{"line":2,"column":17}},"loc":{"start":{"line":2,"column":29},"end":{"line":7,"column":3}}}},"branchMap":{"0":{"loc":{"start":{"line":3,"column":4},"end":{"line":5,"column":5}},"type":"if","locations":[{"start":{"line":3,"column":4},"end":{"line":5,"column":5}}]},"1":{"loc":{"start":{"line":3,"column":8},"end":{"line":3,"column":36}},"type":"binary-expr","locations":[{"start":{"line":3,"column":8},"end":{"line":3,"column":20}},{"start":{"line":3,"column":24},"end":{"line":3,"column":36}}]}},"s":{"0":22,"1":11,"2":11,"3":1,"4":1,"5":1,"6":20,"7":1},"f":{"0":22},"b":{"0":[11],"1":[22,14]}}
}
